<?xml version="1.0" encoding="UTF-8" ?>
<testsuite tests="6" failures="0" name="ut.CalculatorTest" time="0.002" errors="0" skipped="0">
  <properties>
[...]
</properties>
  <testcase classname="ut.CalculatorTest" name="testAdd" time="0.002"/>
  <testcase classname="ut.CalculatorTest" name="testDiv" time="0"/>
  <testcase classname="ut.CalculatorTest" name="testMul" time="0"/>
  <testcase classname="ut.CalculatorTest" name="testSub" time="0"/>
  <testcase classname="ut.CalculatorTest" name="testAdd1" time="0"/>
  <testcase classname="ut.CalculatorTest" name="testDiv1" time="0"/>
</testsuite>